<?xml version="1.0" encoding="UTF-8"?>
<testng-results ignored="0" total="1" passed="1" failed="0" skipped="0">
  <reporter-output>
  </reporter-output>
  <suite started-at="2020-07-07T21:07:56 CEST" name="Suite" finished-at="2020-07-07T21:08:10 CEST" duration-ms="14052">
    <groups>
      <group name="cucumber">
        <method signature="AbstractTestNGCucumberTests.feature(cucumber.api.testng.CucumberFeatureWrapper)[pri:0, instance:cucumberOptions.TestRunner@710f4dc7]" name="feature" class="cucumber.api.testng.AbstractTestNGCucumberTests"/>
      </group> <!-- cucumber -->
    </groups>
    <test started-at="2020-07-07T21:07:56 CEST" name="Test" finished-at="2020-07-07T21:08:10 CEST" duration-ms="14052">
      <class name="cucumberOptions.TestRunner">
        <test-method is-config="true" signature="setUpClass()[pri:0, instance:cucumberOptions.TestRunner@710f4dc7]" started-at="2020-07-07T21:07:56 CEST" name="setUpClass" finished-at="2020-07-07T21:07:56 CEST" duration-ms="162" status="PASS">
          <reporter-output>
          </reporter-output>
        </test-method> <!-- setUpClass -->
        <test-method signature="feature(cucumber.api.testng.CucumberFeatureWrapper)[pri:0, instance:cucumberOptions.TestRunner@710f4dc7]" started-at="2020-07-07T21:07:56 CEST" name="feature" description="Runs Cucumber Feature" data-provider="features" finished-at="2020-07-07T21:08:10 CEST" duration-ms="13811" status="PASS">
          <params>
            <param index="0">
              <value>
                <![CDATA[Login into Application]]>
              </value>
            </param>
          </params>
          <reporter-output>
          </reporter-output>
        </test-method> <!-- feature -->
        <test-method is-config="true" signature="tearDownClass()[pri:0, instance:cucumberOptions.TestRunner@710f4dc7]" started-at="2020-07-07T21:08:10 CEST" name="tearDownClass" finished-at="2020-07-07T21:08:10 CEST" duration-ms="4" status="PASS">
          <reporter-output>
          </reporter-output>
        </test-method> <!-- tearDownClass -->
      </class> <!-- cucumberOptions.TestRunner -->
    </test> <!-- Test -->
  </suite> <!-- Suite -->
</testng-results>
